<?xml version="1.0" encoding="UTF-8"?>
<testsuite xmlns:xsi="http://www.w3.org/2001/XMLSchema-instance" xsi:noNamespaceSchemaLocation="https://maven.apache.org/surefire/maven-surefire-plugin/xsd/surefire-test-report.xsd" name="TestSuite" time="27.343" tests="10" errors="0" skipped="0" failures="1">
  <properties>
[...]
</properties>
  <testcase name="countProductImageTest" classname="com.qa.opencart.tests.SearchTest" time="1.931"/>
  <testcase name="countProductImageTest" classname="com.qa.opencart.tests.SearchTest" time="10.205">
    <failure message="Expected condition failed: waiting for element to be clickable: By.linkText: iMac (tried for 10 second(s) with 500 milliseconds interval)&#10;Build info: version: &apos;4.8.2&apos;, revision: &apos;826dbfc730&apos;&#10;System info: os.name: &apos;Windows 10&apos;, os.arch: &apos;amd64&apos;, os.version: &apos;10.0&apos;, java.version: &apos;1.8.0_101&apos;&#10;Driver info: org.openqa.selenium.chrome.ChromeDriver&#10;Capabilities {acceptInsecureCerts: false, browserName: chrome, browserVersion: 113.0.5672.127, chrome: {chromedriverVersion: 113.0.5672.63 (0e1a4471d5ae..., userDataDir: C:\Program Files (x86)\scop...}, goog:chromeOptions: {debuggerAddress: localhost:25147}, networkConnectionEnabled: false, pageLoadStrategy: normal, platformName: WINDOWS, proxy: Proxy(), se:cdp: ws://localhost:25147/devtoo..., se:cdpVersion: 113.0.5672.127, setWindowRect: true, strictFileInteractability: false, timeouts: {implicit: 0, pageLoad: 300000, script: 30000}, unhandledPromptBehavior: dismiss and notify, webauthn:extension:credBlob: true, webauthn:extension:largeBlob: true, webauthn:extension:minPinLength: true, webauthn:extension:prf: true, webauthn:virtualAuthenticators: true}&#10;Session ID: 936f1c0f033d4bef4f3ebf5a85760746" type="org.openqa.selenium.TimeoutException">org.openqa.selenium.TimeoutException: 
Expected condition failed: waiting for element to be clickable: By.linkText: iMac (tried for 10 second(s) with 500 milliseconds interval)
Build info: version: '4.8.2', revision: '826dbfc730'
System info: os.name: 'Windows 10', os.arch: 'amd64', os.version: '10.0', java.version: '1.8.0_101'
Driver info: org.openqa.selenium.chrome.ChromeDriver
Capabilities {acceptInsecureCerts: false, browserName: chrome, browserVersion: 113.0.5672.127, chrome: {chromedriverVersion: 113.0.5672.63 (0e1a4471d5ae..., userDataDir: C:\Program Files (x86)\scop...}, goog:chromeOptions: {debuggerAddress: localhost:25147}, networkConnectionEnabled: false, pageLoadStrategy: normal, platformName: WINDOWS, proxy: Proxy(), se:cdp: ws://localhost:25147/devtoo..., se:cdpVersion: 113.0.5672.127, setWindowRect: true, strictFileInteractability: false, timeouts: {implicit: 0, pageLoad: 300000, script: 30000}, unhandledPromptBehavior: dismiss and notify, webauthn:extension:credBlob: true, webauthn:extension:largeBlob: true, webauthn:extension:minPinLength: true, webauthn:extension:prf: true, webauthn:virtualAuthenticators: true}
Session ID: 936f1c0f033d4bef4f3ebf5a85760746
	at com.qa.opencart.tests.SearchTest.countProductImageTest(SearchTest.java:50)
</failure>
    <system-out><![CDATA[element is found with locator: By.name: search
element is found with locator: By.cssSelector: div#search button
]]></system-out>
  </testcase>
  <testcase name="countProductImageTest" classname="com.qa.opencart.tests.SearchTest" time="2.038"/>
  <testcase name="countProductImageTest" classname="com.qa.opencart.tests.SearchTest" time="1.034"/>
  <testcase name="searchPageTitleTest" classname="com.qa.opencart.tests.SearchTest" time="0.72"/>
  <testcase name="searchPageTitleTest" classname="com.qa.opencart.tests.SearchTest" time="0.843"/>
  <testcase name="searchPageTitleTest" classname="com.qa.opencart.tests.SearchTest" time="0.716"/>
  <testcase name="searchProductTest" classname="com.qa.opencart.tests.SearchTest" time="0.604"/>
  <testcase name="searchProductTest" classname="com.qa.opencart.tests.SearchTest" time="0.566"/>
  <testcase name="searchProductTest" classname="com.qa.opencart.tests.SearchTest" time="0.646"/>
</testsuite>