<?xml version="1.0" encoding="UTF-8"?>
<testng-results ignored="0" total="1" passed="1" failed="0" skipped="0">
  <reporter-output>
  </reporter-output>
  <suite started-at="2023-05-27T06:28:01 EDT" name="Default suite" finished-at="2023-05-27T06:28:09 EDT" duration-ms="7877">
    <groups>
    </groups>
    <test started-at="2023-05-27T06:28:01 EDT" name="Default test" finished-at="2023-05-27T06:28:09 EDT" duration-ms="7877">
      <class name="com.qa.fb.test.SelectAProduct">
        <test-method signature="selectProductTest()[pri:0, instance:com.qa.fb.test.SelectAProduct@865dd6]" started-at="2023-05-27T06:28:02 EDT" name="selectProductTest" finished-at="2023-05-27T06:28:09 EDT" duration-ms="7829" status="PASS">
          <reporter-output>
          </reporter-output>
        </test-method> <!-- selectProductTest -->
      </class> <!-- com.qa.fb.test.SelectAProduct -->
    </test> <!-- Default test -->
  </suite> <!-- Default suite -->
</testng-results>
