<?xml version="1.0" encoding="UTF-8"?>
<!-- Generated by org.testng.reporters.JUnitXMLReporter -->
<testsuite ignored="0" hostname="LAPTOP-IRMRPJ1B" failures="0" tests="4" name="AccountPageTest" time="8.832" errors="0" timestamp="2023-05-25T17:27:37 EDT">
  <testcase classname="com.qa.opencart.tests.AccountsPageTest" name="accPageHeadersTest" time="0.289"/>
  <testcase classname="com.qa.opencart.tests.AccountsPageTest" name="accountPageURLTest" time="0.033"/>
  <testcase classname="com.qa.opencart.tests.AccountsPageTest" name="getHeaderLinkListTest" time="0.154"/>
  <testcase classname="com.qa.opencart.tests.AccountsPageTest" name="logoutLinkDisplayedExistTest" time="0.066"/>
</testsuite> <!-- AccountPageTest -->
