<?xml version="1.0" encoding="UTF-8"?>
<!-- Generated by org.testng.reporters.JUnitXMLReporter -->
<testsuite ignored="0" hostname="LAPTOP-IRMRPJ1B" failures="0" tests="5" name="LoginPageTest" time="8.348" errors="0" timestamp="2023-05-25T17:27:37 EDT">
  <testcase classname="com.qa.opencart.tests.LoginPageTest" name="forgotPwdLinkExistTest" time="0.05"/>
  <testcase classname="com.qa.opencart.tests.LoginPageTest" name="loginPageTittleTest" time="0.026"/>
  <testcase classname="com.qa.opencart.tests.LoginPageTest" name="loginPageURLTest" time="0.034"/>
  <testcase classname="com.qa.opencart.tests.AccountsPageTest" name="AccountPageTittleTest" time="0.027"/>
  <testcase classname="com.qa.opencart.tests.LoginPageTest" name="loginTest" time="1.56"/>
</testsuite> <!-- LoginPageTest -->
