<?xml version="1.0" encoding="UTF-8"?>
<!-- Generated by org.testng.reporters.JUnitXMLReporter -->
<testsuite ignored="0" hostname="LAPTOP-IRMRPJ1B" failures="0" tests="13" name="ProductInfoTest" time="17.56" errors="0" timestamp="2023-05-24T16:05:51 EDT">
  <testcase classname="com.qa.opencart.tests.LoginPageTest" name="forgotPwdLinkExistTest" time="0.131"/>
  <testcase classname="com.qa.opencart.tests.LoginPageTest" name="loginPageTittleTest" time="0.041"/>
  <testcase classname="com.qa.opencart.tests.LoginPageTest" name="loginPageURLTest" time="0.038"/>
  <testcase classname="com.qa.opencart.tests.AccountsPageTest" name="AccountPageTittleTest" time="0.021"/>
  <testcase classname="com.qa.opencart.tests.LoginPageTest" name="loginTest" time="1.625"/>
  <testcase classname="com.qa.opencart.tests.AccountsPageTest" name="accPageHeadersTest" time="0.226"/>
  <testcase classname="com.qa.opencart.tests.AccountsPageTest" name="accountPageURLTest" time="0.027"/>
  <testcase classname="com.qa.opencart.tests.AccountsPageTest" name="getHeaderLinkListTest" time="0.159"/>
  <testcase classname="com.qa.opencart.tests.AccountsPageTest" name="logoutLinkDisplayedExistTest" time="0.062"/>
  <testcase classname="com.qa.opencart.tests.SearchTest" name="countProductImageTest" time="4.477"/>
  <testcase classname="com.qa.opencart.tests.ProductInfoTest" name="productAddedToCartTest" time="4.792"/>
  <testcase classname="com.qa.opencart.tests.SearchTest" name="countProductImageTest" time="6.344"/>
  <testcase classname="com.qa.opencart.tests.ProductInfoTest" name="productInfoTest" time="6.6"/>
</testsuite> <!-- ProductInfoTest -->
