<?xml version="1.0" encoding="UTF-8"?>
<!-- Generated by org.testng.reporters.JUnitXMLReporter -->
<testsuite ignored="0" hostname="LAPTOP-IRMRPJ1B" failures="0" tests="19" name="SearchTest" time="15.774" errors="0" timestamp="2023-05-25T17:27:53 EDT">
  <testcase classname="com.qa.opencart.tests.LoginPageTest" name="forgotPwdLinkExistTest" time="0.05"/>
  <testcase classname="com.qa.opencart.tests.LoginPageTest" name="loginPageTittleTest" time="0.026"/>
  <testcase classname="com.qa.opencart.tests.LoginPageTest" name="loginPageURLTest" time="0.034"/>
  <testcase classname="com.qa.opencart.tests.AccountsPageTest" name="AccountPageTittleTest" time="0.027"/>
  <testcase classname="com.qa.opencart.tests.LoginPageTest" name="loginTest" time="1.56"/>
  <testcase classname="com.qa.opencart.tests.AccountsPageTest" name="accPageHeadersTest" time="0.289"/>
  <testcase classname="com.qa.opencart.tests.AccountsPageTest" name="accountPageURLTest" time="0.033"/>
  <testcase classname="com.qa.opencart.tests.AccountsPageTest" name="getHeaderLinkListTest" time="0.154"/>
  <testcase classname="com.qa.opencart.tests.AccountsPageTest" name="logoutLinkDisplayedExistTest" time="0.066"/>
  <testcase classname="com.qa.opencart.tests.SearchTest" name="countProductImageTest" time="2.183"/>
  <testcase classname="com.qa.opencart.tests.SearchTest" name="countProductImageTest" time="1.589"/>
  <testcase classname="com.qa.opencart.tests.SearchTest" name="countProductImageTest" time="1.729"/>
  <testcase classname="com.qa.opencart.tests.SearchTest" name="countProductImageTest" time="1.241"/>
  <testcase classname="com.qa.opencart.tests.SearchTest" name="searchPageTitleTest" time="0.598"/>
  <testcase classname="com.qa.opencart.tests.SearchTest" name="searchPageTitleTest" time="0.599"/>
  <testcase classname="com.qa.opencart.tests.SearchTest" name="searchPageTitleTest" time="0.607"/>
  <testcase classname="com.qa.opencart.tests.SearchTest" name="searchProductTest" time="0.728"/>
  <testcase classname="com.qa.opencart.tests.SearchTest" name="searchProductTest" time="0.619"/>
  <testcase classname="com.qa.opencart.tests.SearchTest" name="searchProductTest" time="0.649"/>
</testsuite> <!-- SearchTest -->
